# JRE version: Java(TM) SE Runtime Environment (8.0_77-b03) (build 1.8.0_77-b03)
# Java VM: Java HotSpot(TM) 64-Bit Server VM (25.77-b03 mixed mode windows-amd64 compressed oops)
Heap:
 PSYoungGen      total 51712K, used 45131K [0x00000000eb180000, 0x00000000efd80000, 0x0000000100000000)
  eden space 47616K, 86% used [0x00000000eb180000,0x00000000ed9e3b30,0x00000000ee000000)
  from space 4096K, 92% used [0x00000000ef980000,0x00000000efd2f488,0x00000000efd80000)
  to   space 7168K, 0% used [0x00000000eef80000,0x00000000eef80000,0x00000000ef680000)
 ParOldGen       total 38400K, used 7852K [0x00000000c1400000, 0x00000000c3980000, 0x00000000eb180000)
  object space 38400K, 20% used [0x00000000c1400000,0x00000000c1bab2c8,0x00000000c3980000)
 Metaspace       used 32645K, capacity 32942K, committed 33408K, reserved 1079296K
  class space    used 4093K, capacity 4185K, committed 4224K, reserved 1048576K
GC Heap History (10 events):
Event: 0.942 GC heap before
{Heap before GC invocations=3 (full 0):
 PSYoungGen      total 18944K, used 17801K [0x00000000eb180000, 0x00000000ed680000, 0x0000000100000000)
  eden space 16384K, 100% used [0x00000000eb180000,0x00000000ec180000,0x00000000ec180000)
  from space 2560K, 55% used [0x00000000ec400000,0x00000000ec562770,0x00000000ec680000)
  to   space 2560K, 0% used [0x00000000ec180000,0x00000000ec180000,0x00000000ec400000)
 ParOldGen       total 44032K, used 16K [0x00000000c1400000, 0x00000000c3f00000, 0x00000000eb180000)
  object space 44032K, 0% used [0x00000000c1400000,0x00000000c1404000,0x00000000c3f00000)
 Metaspace       used 12527K, capacity 12772K, committed 12928K, reserved 1060864K
  class space    used 1567K, capacity 1636K, committed 1664K, reserved 1048576K
Event: 0.946 GC heap after
Heap after GC invocations=3 (full 0):
 PSYoungGen      total 18944K, used 2546K [0x00000000eb180000, 0x00000000ed680000, 0x0000000100000000)
  eden space 16384K, 0% used [0x00000000eb180000,0x00000000eb180000,0x00000000ec180000)
  from space 2560K, 99% used [0x00000000ec180000,0x00000000ec3fcbc0,0x00000000ec400000)
  to   space 2560K, 0% used [0x00000000ed400000,0x00000000ed400000,0x00000000ed680000)
 ParOldGen       total 44032K, used 1084K [0x00000000c1400000, 0x00000000c3f00000, 0x00000000eb180000)
  object space 44032K, 2% used [0x00000000c1400000,0x00000000c150f160,0x00000000c3f00000)
 Metaspace       used 12527K, capacity 12772K, committed 12928K, reserved 1060864K
  class space    used 1567K, capacity 1636K, committed 1664K, reserved 1048576K
}
Event: 1.369 GC heap before
{Heap before GC invocations=4 (full 0):
 PSYoungGen      total 18944K, used 18930K [0x00000000eb180000, 0x00000000ed680000, 0x0000000100000000)
  eden space 16384K, 100% used [0x00000000eb180000,0x00000000ec180000,0x00000000ec180000)
  from space 2560K, 99% used [0x00000000ec180000,0x00000000ec3fcbc0,0x00000000ec400000)
  to   space 2560K, 0% used [0x00000000ed400000,0x00000000ed400000,0x00000000ed680000)
 ParOldGen       total 44032K, used 1084K [0x00000000c1400000, 0x00000000c3f00000, 0x00000000eb180000)
  object space 44032K, 2% used [0x00000000c1400000,0x00000000c150f160,0x00000000c3f00000)
 Metaspace       used 16736K, capacity 16996K, committed 17280K, reserved 1064960K
  class space    used 2080K, capacity 2170K, committed 2176K, reserved 1048576K
Event: 1.375 GC heap after
Heap after GC invocations=4 (full 0):
 PSYoungGen      total 35328K, used 2547K [0x00000000eb180000, 0x00000000ed680000, 0x0000000100000000)
  eden space 32768K, 0% used [0x00000000eb180000,0x00000000eb180000,0x00000000ed180000)
  from space 2560K, 99% used [0x00000000ed400000,0x00000000ed67cc30,0x00000000ed680000)
  to   space 2560K, 0% used [0x00000000ed180000,0x00000000ed180000,0x00000000ed400000)
 ParOldGen       total 44032K, used 4646K [0x00000000c1400000, 0x00000000c3f00000, 0x00000000eb180000)
  object space 44032K, 10% used [0x00000000c1400000,0x00000000c1889938,0x00000000c3f00000)
 Metaspace       used 16736K, capacity 16996K, committed 17280K, reserved 1064960K
  class space    used 2080K, capacity 2170K, committed 2176K, reserved 1048576K
}
Event: 1.861 GC heap before
{Heap before GC invocations=5 (full 0):
 PSYoungGen      total 35328K, used 27050K [0x00000000eb180000, 0x00000000ed680000, 0x0000000100000000)
  eden space 32768K, 74% used [0x00000000eb180000,0x00000000ec96dda8,0x00000000ed180000)
  from space 2560K, 99% used [0x00000000ed400000,0x00000000ed67cc30,0x00000000ed680000)
  to   space 2560K, 0% used [0x00000000ed180000,0x00000000ed180000,0x00000000ed400000)
 ParOldGen       total 44032K, used 4646K [0x00000000c1400000, 0x00000000c3f00000, 0x00000000eb180000)
  object space 44032K, 10% used [0x00000000c1400000,0x00000000c1889938,0x00000000c3f00000)
 Metaspace       used 20870K, capacity 21066K, committed 21248K, reserved 1067008K
  class space    used 2653K, capacity 2715K, committed 2816K, reserved 1048576K
Event: 1.868 GC heap after
Heap after GC invocations=5 (full 0):
 PSYoungGen      total 35328K, used 2547K [0x00000000eb180000, 0x00000000f0180000, 0x0000000100000000)
  eden space 32768K, 0% used [0x00000000eb180000,0x00000000eb180000,0x00000000ed180000)
  from space 2560K, 99% used [0x00000000ed180000,0x00000000ed3fcc00,0x00000000ed400000)
  to   space 8192K, 0% used [0x00000000ef980000,0x00000000ef980000,0x00000000f0180000)
 ParOldGen       total 44032K, used 8151K [0x00000000c1400000, 0x00000000c3f00000, 0x00000000eb180000)
  object space 44032K, 18% used [0x00000000c1400000,0x00000000c1bf5c58,0x00000000c3f00000)
 Metaspace       used 20870K, capacity 21066K, committed 21248K, reserved 1067008K
  class space    used 2653K, capacity 2715K, committed 2816K, reserved 1048576K
}
Event: 1.868 GC heap before
{Heap before GC invocations=6 (full 1):
 PSYoungGen      total 35328K, used 2547K [0x00000000eb180000, 0x00000000f0180000, 0x0000000100000000)
  eden space 32768K, 0% used [0x00000000eb180000,0x00000000eb180000,0x00000000ed180000)
  from space 2560K, 99% used [0x00000000ed180000,0x00000000ed3fcc00,0x00000000ed400000)
  to   space 8192K, 0% used [0x00000000ef980000,0x00000000ef980000,0x00000000f0180000)
 ParOldGen       total 44032K, used 8151K [0x00000000c1400000, 0x00000000c3f00000, 0x00000000eb180000)
  object space 44032K, 18% used [0x00000000c1400000,0x00000000c1bf5c58,0x00000000c3f00000)
 Metaspace       used 20870K, capacity 21066K, committed 21248K, reserved 1067008K
  class space    used 2653K, capacity 2715K, committed 2816K, reserved 1048576K
Event: 1.898 GC heap after
Heap after GC invocations=6 (full 1):
 PSYoungGen      total 35328K, used 0K [0x00000000eb180000, 0x00000000f0180000, 0x0000000100000000)
  eden space 32768K, 0% used [0x00000000eb180000,0x00000000eb180000,0x00000000ed180000)
  from space 2560K, 0% used [0x00000000ed180000,0x00000000ed180000,0x00000000ed400000)
  to   space 8192K, 0% used [0x00000000ef980000,0x00000000ef980000,0x00000000f0180000)
 ParOldGen       total 38400K, used 7844K [0x00000000c1400000, 0x00000000c3980000, 0x00000000eb180000)
  object space 38400K, 20% used [0x00000000c1400000,0x00000000c1ba92c8,0x00000000c3980000)
 Metaspace       used 20870K, capacity 21066K, committed 21248K, reserved 1067008K
  class space    used 2653K, capacity 2715K, committed 2816K, reserved 1048576K
}
Event: 2.641 GC heap before
{Heap before GC invocations=7 (full 1):
 PSYoungGen      total 35328K, used 32768K [0x00000000eb180000, 0x00000000f0180000, 0x0000000100000000)
  eden space 32768K, 100% used [0x00000000eb180000,0x00000000ed180000,0x00000000ed180000)
  from space 2560K, 0% used [0x00000000ed180000,0x00000000ed180000,0x00000000ed400000)
  to   space 8192K, 0% used [0x00000000ef980000,0x00000000ef980000,0x00000000f0180000)
 ParOldGen       total 38400K, used 7844K [0x00000000c1400000, 0x00000000c3980000, 0x00000000eb180000)
  object space 38400K, 20% used [0x00000000c1400000,0x00000000c1ba92c8,0x00000000c3980000)
 Metaspace       used 24477K, capacity 24748K, committed 25088K, reserved 1071104K
  class space    used 3161K, capacity 3238K, committed 3328K, reserved 1048576K
Event: 2.652 GC heap after
Heap after GC invocations=7 (full 1):
 PSYoungGen      total 51712K, used 3773K [0x00000000eb180000, 0x00000000efd80000, 0x0000000100000000)
  eden space 47616K, 0% used [0x00000000eb180000,0x00000000eb180000,0x00000000ee000000)
  from space 4096K, 92% used [0x00000000ef980000,0x00000000efd2f488,0x00000000efd80000)
  to   space 7168K, 0% used [0x00000000eef80000,0x00000000eef80000,0x00000000ef680000)
 ParOldGen       total 38400K, used 7852K [0x00000000c1400000, 0x00000000c3980000, 0x00000000eb180000)
  object space 38400K, 20% used [0x00000000c1400000,0x00000000c1bab2c8,0x00000000c3980000)
 Metaspace       used 24477K, capacity 24748K, committed 25088K, reserved 1071104K
  class space    used 3161K, capacity 3238K, committed 3328K, reserved 1048576K
}

