# JRE version: Java(TM) SE Runtime Environment (8.0_77-b03) (build 1.8.0_77-b03)
# Java VM: Java HotSpot(TM) 64-Bit Server VM (25.77-b03 mixed mode windows-amd64 compressed oops)
Heap:
 PSYoungGen      total 107008K, used 17356K [0x00000000eb180000, 0x00000000f2600000, 0x0000000100000000)
  eden space 99840K, 10% used [0x00000000eb180000,0x00000000ebb78220,0x00000000f1300000)
  from space 7168K, 99% used [0x00000000f1b00000,0x00000000f21fafe8,0x00000000f2200000)
  to   space 8192K, 0% used [0x00000000f1300000,0x00000000f1300000,0x00000000f1b00000)
 ParOldGen       total 39424K, used 10297K [0x00000000c1400000, 0x00000000c3a80000, 0x00000000eb180000)
  object space 39424K, 26% used [0x00000000c1400000,0x00000000c1e0e428,0x00000000c3a80000)
 Metaspace       used 43170K, capacity 43954K, committed 44416K, reserved 1087488K
  class space    used 5732K, capacity 5944K, committed 6016K, reserved 1048576K
GC Heap History (10 events):
Event: 1.383 GC heap before
{Heap before GC invocations=6 (full 1):
 PSYoungGen      total 35328K, used 2546K [0x00000000eb180000, 0x00000000efe80000, 0x0000000100000000)
  eden space 32768K, 0% used [0x00000000eb180000,0x00000000eb180000,0x00000000ed180000)
  from space 2560K, 99% used [0x00000000ed180000,0x00000000ed3fcbf0,0x00000000ed400000)
  to   space 6656K, 0% used [0x00000000ef800000,0x00000000ef800000,0x00000000efe80000)
 ParOldGen       total 44032K, used 6963K [0x00000000c1400000, 0x00000000c3f00000, 0x00000000eb180000)
  object space 44032K, 15% used [0x00000000c1400000,0x00000000c1accff0,0x00000000c3f00000)
 Metaspace       used 20601K, capacity 21004K, committed 21248K, reserved 1067008K
  class space    used 2575K, capacity 2730K, committed 2816K, reserved 1048576K
Event: 1.408 GC heap after
Heap after GC invocations=6 (full 1):
 PSYoungGen      total 35328K, used 0K [0x00000000eb180000, 0x00000000efe80000, 0x0000000100000000)
  eden space 32768K, 0% used [0x00000000eb180000,0x00000000eb180000,0x00000000ed180000)
  from space 2560K, 0% used [0x00000000ed180000,0x00000000ed180000,0x00000000ed400000)
  to   space 6656K, 0% used [0x00000000ef800000,0x00000000ef800000,0x00000000efe80000)
 ParOldGen       total 29696K, used 5889K [0x00000000c1400000, 0x00000000c3100000, 0x00000000eb180000)
  object space 29696K, 19% used [0x00000000c1400000,0x00000000c19c0458,0x00000000c3100000)
 Metaspace       used 20601K, capacity 21004K, committed 21248K, reserved 1067008K
  class space    used 2575K, capacity 2730K, committed 2816K, reserved 1048576K
}
Event: 2.090 GC heap before
{Heap before GC invocations=7 (full 1):
 PSYoungGen      total 35328K, used 32768K [0x00000000eb180000, 0x00000000efe80000, 0x0000000100000000)
  eden space 32768K, 100% used [0x00000000eb180000,0x00000000ed180000,0x00000000ed180000)
  from space 2560K, 0% used [0x00000000ed180000,0x00000000ed180000,0x00000000ed400000)
  to   space 6656K, 0% used [0x00000000ef800000,0x00000000ef800000,0x00000000efe80000)
 ParOldGen       total 29696K, used 5889K [0x00000000c1400000, 0x00000000c3100000, 0x00000000eb180000)
  object space 29696K, 19% used [0x00000000c1400000,0x00000000c19c0458,0x00000000c3100000)
 Metaspace       used 26349K, capacity 26750K, committed 27136K, reserved 1073152K
  class space    used 3340K, capacity 3471K, committed 3584K, reserved 1048576K
Event: 2.096 GC heap after
Heap after GC invocations=7 (full 1):
 PSYoungGen      total 63488K, used 5114K [0x00000000eb180000, 0x00000000efd00000, 0x0000000100000000)
  eden space 58368K, 0% used [0x00000000eb180000,0x00000000eb180000,0x00000000eea80000)
  from space 5120K, 99% used [0x00000000ef800000,0x00000000efcfeb80,0x00000000efd00000)
  to   space 7168K, 0% used [0x00000000eef00000,0x00000000eef00000,0x00000000ef600000)
 ParOldGen       total 29696K, used 5897K [0x00000000c1400000, 0x00000000c3100000, 0x00000000eb180000)
  object space 29696K, 19% used [0x00000000c1400000,0x00000000c19c2458,0x00000000c3100000)
 Metaspace       used 26349K, capacity 26750K, committed 27136K, reserved 1073152K
  class space    used 3340K, capacity 3471K, committed 3584K, reserved 1048576K
}
Event: 3.446 GC heap before
{Heap before GC invocations=8 (full 1):
 PSYoungGen      total 63488K, used 50440K [0x00000000eb180000, 0x00000000efd00000, 0x0000000100000000)
  eden space 58368K, 77% used [0x00000000eb180000,0x00000000eddc3660,0x00000000eea80000)
  from space 5120K, 99% used [0x00000000ef800000,0x00000000efcfeb80,0x00000000efd00000)
  to   space 7168K, 0% used [0x00000000eef00000,0x00000000eef00000,0x00000000ef600000)
 ParOldGen       total 29696K, used 5897K [0x00000000c1400000, 0x00000000c3100000, 0x00000000eb180000)
  object space 29696K, 19% used [0x00000000c1400000,0x00000000c19c2458,0x00000000c3100000)
 Metaspace       used 34578K, capacity 35062K, committed 35416K, reserved 1081344K
  class space    used 4429K, capacity 4604K, committed 4608K, reserved 1048576K
Event: 3.453 GC heap after
Heap after GC invocations=8 (full 1):
 PSYoungGen      total 70144K, used 4590K [0x00000000eb180000, 0x00000000f2200000, 0x0000000100000000)
  eden space 62976K, 0% used [0x00000000eb180000,0x00000000eb180000,0x00000000eef00000)
  from space 7168K, 64% used [0x00000000eef00000,0x00000000ef37b998,0x00000000ef600000)
  to   space 7168K, 0% used [0x00000000f1b00000,0x00000000f1b00000,0x00000000f2200000)
 ParOldGen       total 29696K, used 5905K [0x00000000c1400000, 0x00000000c3100000, 0x00000000eb180000)
  object space 29696K, 19% used [0x00000000c1400000,0x00000000c19c4458,0x00000000c3100000)
 Metaspace       used 34578K, capacity 35062K, committed 35416K, reserved 1081344K
  class space    used 4429K, capacity 4604K, committed 4608K, reserved 1048576K
}
Event: 3.453 GC heap before
{Heap before GC invocations=9 (full 2):
 PSYoungGen      total 70144K, used 4590K [0x00000000eb180000, 0x00000000f2200000, 0x0000000100000000)
  eden space 62976K, 0% used [0x00000000eb180000,0x00000000eb180000,0x00000000eef00000)
  from space 7168K, 64% used [0x00000000eef00000,0x00000000ef37b998,0x00000000ef600000)
  to   space 7168K, 0% used [0x00000000f1b00000,0x00000000f1b00000,0x00000000f2200000)
 ParOldGen       total 29696K, used 5905K [0x00000000c1400000, 0x00000000c3100000, 0x00000000eb180000)
  object space 29696K, 19% used [0x00000000c1400000,0x00000000c19c4458,0x00000000c3100000)
 Metaspace       used 34578K, capacity 35062K, committed 35416K, reserved 1081344K
  class space    used 4429K, capacity 4604K, committed 4608K, reserved 1048576K
Event: 3.501 GC heap after
Heap after GC invocations=9 (full 2):
 PSYoungGen      total 70144K, used 0K [0x00000000eb180000, 0x00000000f2200000, 0x0000000100000000)
  eden space 62976K, 0% used [0x00000000eb180000,0x00000000eb180000,0x00000000eef00000)
  from space 7168K, 0% used [0x00000000eef00000,0x00000000eef00000,0x00000000ef600000)
  to   space 7168K, 0% used [0x00000000f1b00000,0x00000000f1b00000,0x00000000f2200000)
 ParOldGen       total 39424K, used 9628K [0x00000000c1400000, 0x00000000c3a80000, 0x00000000eb180000)
  object space 39424K, 24% used [0x00000000c1400000,0x00000000c1d671e0,0x00000000c3a80000)
 Metaspace       used 34578K, capacity 35062K, committed 35416K, reserved 1081344K
  class space    used 4429K, capacity 4604K, committed 4608K, reserved 1048576K
}
Event: 366.022 GC heap before
{Heap before GC invocations=10 (full 2):
 PSYoungGen      total 70144K, used 62976K [0x00000000eb180000, 0x00000000f2200000, 0x0000000100000000)
  eden space 62976K, 100% used [0x00000000eb180000,0x00000000eef00000,0x00000000eef00000)
  from space 7168K, 0% used [0x00000000eef00000,0x00000000eef00000,0x00000000ef600000)
  to   space 7168K, 0% used [0x00000000f1b00000,0x00000000f1b00000,0x00000000f2200000)
 ParOldGen       total 39424K, used 9628K [0x00000000c1400000, 0x00000000c3a80000, 0x00000000eb180000)
  object space 39424K, 24% used [0x00000000c1400000,0x00000000c1d671e0,0x00000000c3a80000)
 Metaspace       used 43076K, capacity 43822K, committed 44160K, reserved 1087488K
  class space    used 5731K, capacity 5944K, committed 6016K, reserved 1048576K
Event: 366.031 GC heap after
Heap after GC invocations=10 (full 2):
 PSYoungGen      total 107008K, used 7147K [0x00000000eb180000, 0x00000000f2600000, 0x0000000100000000)
  eden space 99840K, 0% used [0x00000000eb180000,0x00000000eb180000,0x00000000f1300000)
  from space 7168K, 99% used [0x00000000f1b00000,0x00000000f21fafe8,0x00000000f2200000)
  to   space 8192K, 0% used [0x00000000f1300000,0x00000000f1300000,0x00000000f1b00000)
 ParOldGen       total 39424K, used 10297K [0x00000000c1400000, 0x00000000c3a80000, 0x00000000eb180000)
  object space 39424K, 26% used [0x00000000c1400000,0x00000000c1e0e428,0x00000000c3a80000)
 Metaspace       used 43076K, capacity 43822K, committed 44160K, reserved 1087488K
  class space    used 5731K, capacity 5944K, committed 6016K, reserved 1048576K
}

