# JRE version: Java(TM) SE Runtime Environment (8.0_77-b03) (build 1.8.0_77-b03)
# Java VM: Java HotSpot(TM) 64-Bit Server VM (25.77-b03 mixed mode windows-amd64 compressed oops)
Heap:
 PSYoungGen      total 91648K, used 13800K [0x00000000eb180000, 0x00000000f2180000, 0x0000000100000000)
  eden space 83456K, 6% used [0x00000000eb180000,0x00000000eb6fdaf8,0x00000000f0300000)
  from space 8192K, 99% used [0x00000000f0d00000,0x00000000f14fc510,0x00000000f1500000)
  to   space 10240K, 0% used [0x00000000f0300000,0x00000000f0300000,0x00000000f0d00000)
 ParOldGen       total 45568K, used 11805K [0x00000000c1400000, 0x00000000c4080000, 0x00000000eb180000)
  object space 45568K, 25% used [0x00000000c1400000,0x00000000c1f87708,0x00000000c4080000)
 Metaspace       used 44335K, capacity 45042K, committed 45400K, reserved 1089536K
  class space    used 5741K, capacity 5944K, committed 6016K, reserved 1048576K
GC Heap History (10 events):
Event: 1.286 GC heap before
{Heap before GC invocations=6 (full 1):
 PSYoungGen      total 35328K, used 2530K [0x00000000eb180000, 0x00000000efd80000, 0x0000000100000000)
  eden space 32768K, 0% used [0x00000000eb180000,0x00000000eb180000,0x00000000ed180000)
  from space 2560K, 98% used [0x00000000ed180000,0x00000000ed3f8bf0,0x00000000ed400000)
  to   space 6144K, 0% used [0x00000000ef780000,0x00000000ef780000,0x00000000efd80000)
 ParOldGen       total 44032K, used 6256K [0x00000000c1400000, 0x00000000c3f00000, 0x00000000eb180000)
  object space 44032K, 14% used [0x00000000c1400000,0x00000000c1a1c180,0x00000000c3f00000)
 Metaspace       used 20609K, capacity 20984K, committed 21248K, reserved 1067008K
  class space    used 2564K, capacity 2698K, committed 2816K, reserved 1048576K
Event: 1.323 GC heap after
Heap after GC invocations=6 (full 1):
 PSYoungGen      total 35328K, used 0K [0x00000000eb180000, 0x00000000efd80000, 0x0000000100000000)
  eden space 32768K, 0% used [0x00000000eb180000,0x00000000eb180000,0x00000000ed180000)
  from space 2560K, 0% used [0x00000000ed180000,0x00000000ed180000,0x00000000ed400000)
  to   space 6144K, 0% used [0x00000000ef780000,0x00000000ef780000,0x00000000efd80000)
 ParOldGen       total 31744K, used 6802K [0x00000000c1400000, 0x00000000c3300000, 0x00000000eb180000)
  object space 31744K, 21% used [0x00000000c1400000,0x00000000c1aa4a10,0x00000000c3300000)
 Metaspace       used 20609K, capacity 20984K, committed 21248K, reserved 1067008K
  class space    used 2564K, capacity 2698K, committed 2816K, reserved 1048576K
}
Event: 2.153 GC heap before
{Heap before GC invocations=7 (full 1):
 PSYoungGen      total 35328K, used 32768K [0x00000000eb180000, 0x00000000efd80000, 0x0000000100000000)
  eden space 32768K, 100% used [0x00000000eb180000,0x00000000ed180000,0x00000000ed180000)
  from space 2560K, 0% used [0x00000000ed180000,0x00000000ed180000,0x00000000ed400000)
  to   space 6144K, 0% used [0x00000000ef780000,0x00000000ef780000,0x00000000efd80000)
 ParOldGen       total 31744K, used 6802K [0x00000000c1400000, 0x00000000c3300000, 0x00000000eb180000)
  object space 31744K, 21% used [0x00000000c1400000,0x00000000c1aa4a10,0x00000000c3300000)
 Metaspace       used 27193K, capacity 27562K, committed 27904K, reserved 1073152K
  class space    used 3412K, capacity 3567K, committed 3584K, reserved 1048576K
Event: 2.158 GC heap after
Heap after GC invocations=7 (full 1):
 PSYoungGen      total 59904K, used 5654K [0x00000000eb180000, 0x00000000efd80000, 0x0000000100000000)
  eden space 53760K, 0% used [0x00000000eb180000,0x00000000eb180000,0x00000000ee600000)
  from space 6144K, 92% used [0x00000000ef780000,0x00000000efd05aa0,0x00000000efd80000)
  to   space 7168K, 0% used [0x00000000eef80000,0x00000000eef80000,0x00000000ef680000)
 ParOldGen       total 31744K, used 6810K [0x00000000c1400000, 0x00000000c3300000, 0x00000000eb180000)
  object space 31744K, 21% used [0x00000000c1400000,0x00000000c1aa6a10,0x00000000c3300000)
 Metaspace       used 27193K, capacity 27562K, committed 27904K, reserved 1073152K
  class space    used 3412K, capacity 3567K, committed 3584K, reserved 1048576K
}
Event: 5.089 GC heap before
{Heap before GC invocations=8 (full 1):
 PSYoungGen      total 59904K, used 59151K [0x00000000eb180000, 0x00000000efd80000, 0x0000000100000000)
  eden space 53760K, 99% used [0x00000000eb180000,0x00000000ee5be468,0x00000000ee600000)
  from space 6144K, 92% used [0x00000000ef780000,0x00000000efd05aa0,0x00000000efd80000)
  to   space 7168K, 0% used [0x00000000eef80000,0x00000000eef80000,0x00000000ef680000)
 ParOldGen       total 31744K, used 6810K [0x00000000c1400000, 0x00000000c3300000, 0x00000000eb180000)
  object space 31744K, 21% used [0x00000000c1400000,0x00000000c1aa6a10,0x00000000c3300000)
 Metaspace       used 34602K, capacity 35208K, committed 35416K, reserved 1079296K
  class space    used 4478K, capacity 4679K, committed 4736K, reserved 1048576K
Event: 5.121 GC heap after
Heap after GC invocations=8 (full 1):
 PSYoungGen      total 70656K, used 7142K [0x00000000eb180000, 0x00000000f1500000, 0x0000000100000000)
  eden space 63488K, 0% used [0x00000000eb180000,0x00000000eb180000,0x00000000eef80000)
  from space 7168K, 99% used [0x00000000eef80000,0x00000000ef679808,0x00000000ef680000)
  to   space 8192K, 0% used [0x00000000f0d00000,0x00000000f0d00000,0x00000000f1500000)
 ParOldGen       total 31744K, used 6848K [0x00000000c1400000, 0x00000000c3300000, 0x00000000eb180000)
  object space 31744K, 21% used [0x00000000c1400000,0x00000000c1ab0218,0x00000000c3300000)
 Metaspace       used 34602K, capacity 35208K, committed 35416K, reserved 1079296K
  class space    used 4478K, capacity 4679K, committed 4736K, reserved 1048576K
}
Event: 5.121 GC heap before
{Heap before GC invocations=9 (full 2):
 PSYoungGen      total 70656K, used 7142K [0x00000000eb180000, 0x00000000f1500000, 0x0000000100000000)
  eden space 63488K, 0% used [0x00000000eb180000,0x00000000eb180000,0x00000000eef80000)
  from space 7168K, 99% used [0x00000000eef80000,0x00000000ef679808,0x00000000ef680000)
  to   space 8192K, 0% used [0x00000000f0d00000,0x00000000f0d00000,0x00000000f1500000)
 ParOldGen       total 31744K, used 6848K [0x00000000c1400000, 0x00000000c3300000, 0x00000000eb180000)
  object space 31744K, 21% used [0x00000000c1400000,0x00000000c1ab0218,0x00000000c3300000)
 Metaspace       used 34602K, capacity 35208K, committed 35416K, reserved 1079296K
  class space    used 4478K, capacity 4679K, committed 4736K, reserved 1048576K
Event: 5.259 GC heap after
Heap after GC invocations=9 (full 2):
 PSYoungGen      total 70656K, used 0K [0x00000000eb180000, 0x00000000f1500000, 0x0000000100000000)
  eden space 63488K, 0% used [0x00000000eb180000,0x00000000eb180000,0x00000000eef80000)
  from space 7168K, 0% used [0x00000000eef80000,0x00000000eef80000,0x00000000ef680000)
  to   space 8192K, 0% used [0x00000000f0d00000,0x00000000f0d00000,0x00000000f1500000)
 ParOldGen       total 45568K, used 10649K [0x00000000c1400000, 0x00000000c4080000, 0x00000000eb180000)
  object space 45568K, 23% used [0x00000000c1400000,0x00000000c1e66428,0x00000000c4080000)
 Metaspace       used 34602K, capacity 35208K, committed 35416K, reserved 1079296K
  class space    used 4478K, capacity 4679K, committed 4736K, reserved 1048576K
}
Event: 607.928 GC heap before
{Heap before GC invocations=10 (full 2):
 PSYoungGen      total 70656K, used 63488K [0x00000000eb180000, 0x00000000f1500000, 0x0000000100000000)
  eden space 63488K, 100% used [0x00000000eb180000,0x00000000eef80000,0x00000000eef80000)
  from space 7168K, 0% used [0x00000000eef80000,0x00000000eef80000,0x00000000ef680000)
  to   space 8192K, 0% used [0x00000000f0d00000,0x00000000f0d00000,0x00000000f1500000)
 ParOldGen       total 45568K, used 10649K [0x00000000c1400000, 0x00000000c4080000, 0x00000000eb180000)
  object space 45568K, 23% used [0x00000000c1400000,0x00000000c1e66428,0x00000000c4080000)
 Metaspace       used 44293K, capacity 45042K, committed 45400K, reserved 1089536K
  class space    used 5740K, capacity 5944K, committed 6016K, reserved 1048576K
Event: 607.937 GC heap after
Heap after GC invocations=10 (full 2):
 PSYoungGen      total 91648K, used 8177K [0x00000000eb180000, 0x00000000f2180000, 0x0000000100000000)
  eden space 83456K, 0% used [0x00000000eb180000,0x00000000eb180000,0x00000000f0300000)
  from space 8192K, 99% used [0x00000000f0d00000,0x00000000f14fc510,0x00000000f1500000)
  to   space 10240K, 0% used [0x00000000f0300000,0x00000000f0300000,0x00000000f0d00000)
 ParOldGen       total 45568K, used 11805K [0x00000000c1400000, 0x00000000c4080000, 0x00000000eb180000)
  object space 45568K, 25% used [0x00000000c1400000,0x00000000c1f87708,0x00000000c4080000)
 Metaspace       used 44293K, capacity 45042K, committed 45400K, reserved 1089536K
  class space    used 5740K, capacity 5944K, committed 6016K, reserved 1048576K
}

