# JRE version: Java(TM) SE Runtime Environment (8.0_77-b03) (build 1.8.0_77-b03)
# Java VM: Java HotSpot(TM) 64-Bit Server VM (25.77-b03 mixed mode windows-amd64 compressed oops)
Heap:
 PSYoungGen      total 48128K, used 12382K [0x00000000eb180000, 0x00000000eed00000, 0x0000000100000000)
  eden space 40960K, 13% used [0x00000000eb180000,0x00000000eb6c5a90,0x00000000ed980000)
  from space 7168K, 97% used [0x00000000ee180000,0x00000000ee851fc8,0x00000000ee880000)
  to   space 8192K, 0% used [0x00000000ed980000,0x00000000ed980000,0x00000000ee180000)
 ParOldGen       total 34816K, used 8372K [0x00000000c1400000, 0x00000000c3600000, 0x00000000eb180000)
  object space 34816K, 24% used [0x00000000c1400000,0x00000000c1c2d388,0x00000000c3600000)
 Metaspace       used 32256K, capacity 32572K, committed 33152K, reserved 1079296K
  class space    used 4032K, capacity 4124K, committed 4224K, reserved 1048576K
GC Heap History (10 events):
Event: 3.325 GC heap before
{Heap before GC invocations=5 (full 0):
 PSYoungGen      total 18944K, used 16300K [0x00000000eb180000, 0x00000000ec680000, 0x0000000100000000)
  eden space 16384K, 83% used [0x00000000eb180000,0x00000000ebeee580,0x00000000ec180000)
  from space 2560K, 99% used [0x00000000ec400000,0x00000000ec67cc00,0x00000000ec680000)
  to   space 2560K, 0% used [0x00000000ec180000,0x00000000ec180000,0x00000000ec400000)
 ParOldGen       total 44032K, used 5479K [0x00000000c1400000, 0x00000000c3f00000, 0x00000000eb180000)
  object space 44032K, 12% used [0x00000000c1400000,0x00000000c1959e30,0x00000000c3f00000)
 Metaspace       used 20886K, capacity 21126K, committed 21296K, reserved 1069056K
  class space    used 2612K, capacity 2683K, committed 2688K, reserved 1048576K
Event: 3.341 GC heap after
Heap after GC invocations=5 (full 0):
 PSYoungGen      total 18944K, used 2547K [0x00000000eb180000, 0x00000000ee080000, 0x0000000100000000)
  eden space 16384K, 0% used [0x00000000eb180000,0x00000000eb180000,0x00000000ec180000)
  from space 2560K, 99% used [0x00000000ec180000,0x00000000ec3fcc20,0x00000000ec400000)
  to   space 7680K, 0% used [0x00000000ed900000,0x00000000ed900000,0x00000000ee080000)
 ParOldGen       total 44032K, used 7421K [0x00000000c1400000, 0x00000000c3f00000, 0x00000000eb180000)
  object space 44032K, 16% used [0x00000000c1400000,0x00000000c1b3f430,0x00000000c3f00000)
 Metaspace       used 20886K, capacity 21126K, committed 21296K, reserved 1069056K
  class space    used 2612K, capacity 2683K, committed 2688K, reserved 1048576K
}
Event: 3.341 GC heap before
{Heap before GC invocations=6 (full 1):
 PSYoungGen      total 18944K, used 2547K [0x00000000eb180000, 0x00000000ee080000, 0x0000000100000000)
  eden space 16384K, 0% used [0x00000000eb180000,0x00000000eb180000,0x00000000ec180000)
  from space 2560K, 99% used [0x00000000ec180000,0x00000000ec3fcc20,0x00000000ec400000)
  to   space 7680K, 0% used [0x00000000ed900000,0x00000000ed900000,0x00000000ee080000)
 ParOldGen       total 44032K, used 7421K [0x00000000c1400000, 0x00000000c3f00000, 0x00000000eb180000)
  object space 44032K, 16% used [0x00000000c1400000,0x00000000c1b3f430,0x00000000c3f00000)
 Metaspace       used 20886K, capacity 21126K, committed 21296K, reserved 1069056K
  class space    used 2612K, capacity 2683K, committed 2688K, reserved 1048576K
Event: 3.378 GC heap after
Heap after GC invocations=6 (full 1):
 PSYoungGen      total 18944K, used 0K [0x00000000eb180000, 0x00000000ee080000, 0x0000000100000000)
  eden space 16384K, 0% used [0x00000000eb180000,0x00000000eb180000,0x00000000ec180000)
  from space 2560K, 0% used [0x00000000ec180000,0x00000000ec180000,0x00000000ec400000)
  to   space 7680K, 0% used [0x00000000ed900000,0x00000000ed900000,0x00000000ee080000)
 ParOldGen       total 34816K, used 8348K [0x00000000c1400000, 0x00000000c3600000, 0x00000000eb180000)
  object space 34816K, 23% used [0x00000000c1400000,0x00000000c1c27388,0x00000000c3600000)
 Metaspace       used 20886K, capacity 21126K, committed 21296K, reserved 1069056K
  class space    used 2612K, capacity 2683K, committed 2688K, reserved 1048576K
}
Event: 3.657 GC heap before
{Heap before GC invocations=7 (full 1):
 PSYoungGen      total 18944K, used 16384K [0x00000000eb180000, 0x00000000ee080000, 0x0000000100000000)
  eden space 16384K, 100% used [0x00000000eb180000,0x00000000ec180000,0x00000000ec180000)
  from space 2560K, 0% used [0x00000000ec180000,0x00000000ec180000,0x00000000ec400000)
  to   space 7680K, 0% used [0x00000000ed900000,0x00000000ed900000,0x00000000ee080000)
 ParOldGen       total 34816K, used 8348K [0x00000000c1400000, 0x00000000c3600000, 0x00000000eb180000)
  object space 34816K, 23% used [0x00000000c1400000,0x00000000c1c27388,0x00000000c3600000)
 Metaspace       used 23741K, capacity 23988K, committed 24320K, reserved 1071104K
  class space    used 2979K, capacity 3040K, committed 3072K, reserved 1048576K
Event: 3.661 GC heap after
Heap after GC invocations=7 (full 1):
 PSYoungGen      total 29696K, used 2655K [0x00000000eb180000, 0x00000000edc00000, 0x0000000100000000)
  eden space 26624K, 0% used [0x00000000eb180000,0x00000000eb180000,0x00000000ecb80000)
  from space 3072K, 86% used [0x00000000ed900000,0x00000000edb97ca0,0x00000000edc00000)
  to   space 7168K, 0% used [0x00000000ece00000,0x00000000ece00000,0x00000000ed500000)
 ParOldGen       total 34816K, used 8356K [0x00000000c1400000, 0x00000000c3600000, 0x00000000eb180000)
  object space 34816K, 24% used [0x00000000c1400000,0x00000000c1c29388,0x00000000c3600000)
 Metaspace       used 23741K, capacity 23988K, committed 24320K, reserved 1071104K
  class space    used 2979K, capacity 3040K, committed 3072K, reserved 1048576K
}
Event: 4.160 GC heap before
{Heap before GC invocations=8 (full 1):
 PSYoungGen      total 29696K, used 29279K [0x00000000eb180000, 0x00000000edc00000, 0x0000000100000000)
  eden space 26624K, 100% used [0x00000000eb180000,0x00000000ecb80000,0x00000000ecb80000)
  from space 3072K, 86% used [0x00000000ed900000,0x00000000edb97ca0,0x00000000edc00000)
  to   space 7168K, 0% used [0x00000000ece00000,0x00000000ece00000,0x00000000ed500000)
 ParOldGen       total 34816K, used 8356K [0x00000000c1400000, 0x00000000c3600000, 0x00000000eb180000)
  object space 34816K, 24% used [0x00000000c1400000,0x00000000c1c29388,0x00000000c3600000)
 Metaspace       used 25494K, capacity 25742K, committed 26112K, reserved 1073152K
  class space    used 3225K, capacity 3303K, committed 3328K, reserved 1048576K
Event: 4.163 GC heap after
Heap after GC invocations=8 (full 1):
 PSYoungGen      total 36352K, used 2691K [0x00000000eb180000, 0x00000000ee880000, 0x0000000100000000)
  eden space 29184K, 0% used [0x00000000eb180000,0x00000000eb180000,0x00000000ece00000)
  from space 7168K, 37% used [0x00000000ece00000,0x00000000ed0a0df8,0x00000000ed500000)
  to   space 7168K, 0% used [0x00000000ee180000,0x00000000ee180000,0x00000000ee880000)
 ParOldGen       total 34816K, used 8364K [0x00000000c1400000, 0x00000000c3600000, 0x00000000eb180000)
  object space 34816K, 24% used [0x00000000c1400000,0x00000000c1c2b388,0x00000000c3600000)
 Metaspace       used 25494K, capacity 25742K, committed 26112K, reserved 1073152K
  class space    used 3225K, capacity 3303K, committed 3328K, reserved 1048576K
}
Event: 9.926 GC heap before
{Heap before GC invocations=9 (full 1):
 PSYoungGen      total 36352K, used 31875K [0x00000000eb180000, 0x00000000ee880000, 0x0000000100000000)
  eden space 29184K, 100% used [0x00000000eb180000,0x00000000ece00000,0x00000000ece00000)
  from space 7168K, 37% used [0x00000000ece00000,0x00000000ed0a0df8,0x00000000ed500000)
  to   space 7168K, 0% used [0x00000000ee180000,0x00000000ee180000,0x00000000ee880000)
 ParOldGen       total 34816K, used 8364K [0x00000000c1400000, 0x00000000c3600000, 0x00000000eb180000)
  object space 34816K, 24% used [0x00000000c1400000,0x00000000c1c2b388,0x00000000c3600000)
 Metaspace       used 31477K, capacity 31804K, committed 32256K, reserved 1077248K
  class space    used 3939K, capacity 4060K, committed 4096K, reserved 1048576K
Event: 9.935 GC heap after
Heap after GC invocations=9 (full 1):
 PSYoungGen      total 48128K, used 6983K [0x00000000eb180000, 0x00000000eed00000, 0x0000000100000000)
  eden space 40960K, 0% used [0x00000000eb180000,0x00000000eb180000,0x00000000ed980000)
  from space 7168K, 97% used [0x00000000ee180000,0x00000000ee851fc8,0x00000000ee880000)
  to   space 8192K, 0% used [0x00000000ed980000,0x00000000ed980000,0x00000000ee180000)
 ParOldGen       total 34816K, used 8372K [0x00000000c1400000, 0x00000000c3600000, 0x00000000eb180000)
  object space 34816K, 24% used [0x00000000c1400000,0x00000000c1c2d388,0x00000000c3600000)
 Metaspace       used 31477K, capacity 31804K, committed 32256K, reserved 1077248K
  class space    used 3939K, capacity 4060K, committed 4096K, reserved 1048576K
}

