# JRE version: Java(TM) SE Runtime Environment (8.0_77-b03) (build 1.8.0_77-b03)
# Java VM: Java HotSpot(TM) 64-Bit Server VM (25.77-b03 mixed mode windows-amd64 compressed oops)
Heap:
 PSYoungGen      total 70144K, used 20411K [0x00000000eb180000, 0x00000000f1a80000, 0x0000000100000000)
  eden space 62976K, 32% used [0x00000000eb180000,0x00000000ec56ed50,0x00000000eef00000)
  from space 7168K, 0% used [0x00000000eef00000,0x00000000eef00000,0x00000000ef600000)
  to   space 8704K, 0% used [0x00000000f1200000,0x00000000f1200000,0x00000000f1a80000)
 ParOldGen       total 46592K, used 12446K [0x00000000c1400000, 0x00000000c4180000, 0x00000000eb180000)
  object space 46592K, 26% used [0x00000000c1400000,0x00000000c20279a8,0x00000000c4180000)
 Metaspace       used 37708K, capacity 38418K, committed 38872K, reserved 1083392K
  class space    used 5078K, capacity 5280K, committed 5336K, reserved 1048576K
GC Heap History (10 events):
Event: 1.523 GC heap before
{Heap before GC invocations=5 (full 0):
 PSYoungGen      total 35328K, used 8774K [0x00000000eb180000, 0x00000000ed680000, 0x0000000100000000)
  eden space 32768K, 19% used [0x00000000eb180000,0x00000000eb794f30,0x00000000ed180000)
  from space 2560K, 99% used [0x00000000ed400000,0x00000000ed67cbe0,0x00000000ed680000)
  to   space 2560K, 0% used [0x00000000ed180000,0x00000000ed180000,0x00000000ed400000)
 ParOldGen       total 44032K, used 5559K [0x00000000c1400000, 0x00000000c3f00000, 0x00000000eb180000)
  object space 44032K, 12% used [0x00000000c1400000,0x00000000c196dd48,0x00000000c3f00000)
 Metaspace       used 20664K, capacity 21016K, committed 21248K, reserved 1067008K
  class space    used 2580K, capacity 2730K, committed 2816K, reserved 1048576K
Event: 1.528 GC heap after
Heap after GC invocations=5 (full 0):
 PSYoungGen      total 35328K, used 2531K [0x00000000eb180000, 0x00000000efe80000, 0x0000000100000000)
  eden space 32768K, 0% used [0x00000000eb180000,0x00000000eb180000,0x00000000ed180000)
  from space 2560K, 98% used [0x00000000ed180000,0x00000000ed3f8c10,0x00000000ed400000)
  to   space 6656K, 0% used [0x00000000ef800000,0x00000000ef800000,0x00000000efe80000)
 ParOldGen       total 44032K, used 7060K [0x00000000c1400000, 0x00000000c3f00000, 0x00000000eb180000)
  object space 44032K, 16% used [0x00000000c1400000,0x00000000c1ae5158,0x00000000c3f00000)
 Metaspace       used 20664K, capacity 21016K, committed 21248K, reserved 1067008K
  class space    used 2580K, capacity 2730K, committed 2816K, reserved 1048576K
}
Event: 1.528 GC heap before
{Heap before GC invocations=6 (full 1):
 PSYoungGen      total 35328K, used 2531K [0x00000000eb180000, 0x00000000efe80000, 0x0000000100000000)
  eden space 32768K, 0% used [0x00000000eb180000,0x00000000eb180000,0x00000000ed180000)
  from space 2560K, 98% used [0x00000000ed180000,0x00000000ed3f8c10,0x00000000ed400000)
  to   space 6656K, 0% used [0x00000000ef800000,0x00000000ef800000,0x00000000efe80000)
 ParOldGen       total 44032K, used 7060K [0x00000000c1400000, 0x00000000c3f00000, 0x00000000eb180000)
  object space 44032K, 16% used [0x00000000c1400000,0x00000000c1ae5158,0x00000000c3f00000)
 Metaspace       used 20664K, capacity 21016K, committed 21248K, reserved 1067008K
  class space    used 2580K, capacity 2730K, committed 2816K, reserved 1048576K
Event: 1.556 GC heap after
Heap after GC invocations=6 (full 1):
 PSYoungGen      total 35328K, used 0K [0x00000000eb180000, 0x00000000efe80000, 0x0000000100000000)
  eden space 32768K, 0% used [0x00000000eb180000,0x00000000eb180000,0x00000000ed180000)
  from space 2560K, 0% used [0x00000000ed180000,0x00000000ed180000,0x00000000ed400000)
  to   space 6656K, 0% used [0x00000000ef800000,0x00000000ef800000,0x00000000efe80000)
 ParOldGen       total 32256K, used 7694K [0x00000000c1400000, 0x00000000c3380000, 0x00000000eb180000)
  object space 32256K, 23% used [0x00000000c1400000,0x00000000c1b838e8,0x00000000c3380000)
 Metaspace       used 20664K, capacity 21016K, committed 21248K, reserved 1067008K
  class space    used 2580K, capacity 2730K, committed 2816K, reserved 1048576K
}
Event: 2.333 GC heap before
{Heap before GC invocations=7 (full 1):
 PSYoungGen      total 35328K, used 32768K [0x00000000eb180000, 0x00000000efe80000, 0x0000000100000000)
  eden space 32768K, 100% used [0x00000000eb180000,0x00000000ed180000,0x00000000ed180000)
  from space 2560K, 0% used [0x00000000ed180000,0x00000000ed180000,0x00000000ed400000)
  to   space 6656K, 0% used [0x00000000ef800000,0x00000000ef800000,0x00000000efe80000)
 ParOldGen       total 32256K, used 7694K [0x00000000c1400000, 0x00000000c3380000, 0x00000000eb180000)
  object space 32256K, 23% used [0x00000000c1400000,0x00000000c1b838e8,0x00000000c3380000)
 Metaspace       used 26286K, capacity 26698K, committed 27136K, reserved 1073152K
  class space    used 3320K, capacity 3471K, committed 3584K, reserved 1048576K
Event: 2.339 GC heap after
Heap after GC invocations=7 (full 1):
 PSYoungGen      total 60416K, used 4953K [0x00000000eb180000, 0x00000000efd00000, 0x0000000100000000)
  eden space 55296K, 0% used [0x00000000eb180000,0x00000000eb180000,0x00000000ee780000)
  from space 5120K, 96% used [0x00000000ef800000,0x00000000efcd6648,0x00000000efd00000)
  to   space 7168K, 0% used [0x00000000eef00000,0x00000000eef00000,0x00000000ef600000)
 ParOldGen       total 32256K, used 7702K [0x00000000c1400000, 0x00000000c3380000, 0x00000000eb180000)
  object space 32256K, 23% used [0x00000000c1400000,0x00000000c1b858e8,0x00000000c3380000)
 Metaspace       used 26286K, capacity 26698K, committed 27136K, reserved 1073152K
  class space    used 3320K, capacity 3471K, committed 3584K, reserved 1048576K
}
Event: 3.488 GC heap before
{Heap before GC invocations=8 (full 1):
 PSYoungGen      total 60416K, used 49377K [0x00000000eb180000, 0x00000000efd00000, 0x0000000100000000)
  eden space 55296K, 80% used [0x00000000eb180000,0x00000000edce1f30,0x00000000ee780000)
  from space 5120K, 96% used [0x00000000ef800000,0x00000000efcd6648,0x00000000efd00000)
  to   space 7168K, 0% used [0x00000000eef00000,0x00000000eef00000,0x00000000ef600000)
 ParOldGen       total 32256K, used 7702K [0x00000000c1400000, 0x00000000c3380000, 0x00000000eb180000)
  object space 32256K, 23% used [0x00000000c1400000,0x00000000c1b858e8,0x00000000c3380000)
 Metaspace       used 34548K, capacity 35132K, committed 35416K, reserved 1079296K
  class space    used 4720K, capacity 4881K, committed 4952K, reserved 1048576K
Event: 3.501 GC heap after
Heap after GC invocations=8 (full 1):
 PSYoungGen      total 70144K, used 7156K [0x00000000eb180000, 0x00000000f1a80000, 0x0000000100000000)
  eden space 62976K, 0% used [0x00000000eb180000,0x00000000eb180000,0x00000000eef00000)
  from space 7168K, 99% used [0x00000000eef00000,0x00000000ef5fd2d8,0x00000000ef600000)
  to   space 8704K, 0% used [0x00000000f1200000,0x00000000f1200000,0x00000000f1a80000)
 ParOldGen       total 32256K, used 8453K [0x00000000c1400000, 0x00000000c3380000, 0x00000000eb180000)
  object space 32256K, 26% used [0x00000000c1400000,0x00000000c1c417e8,0x00000000c3380000)
 Metaspace       used 34548K, capacity 35132K, committed 35416K, reserved 1079296K
  class space    used 4720K, capacity 4881K, committed 4952K, reserved 1048576K
}
Event: 3.501 GC heap before
{Heap before GC invocations=9 (full 2):
 PSYoungGen      total 70144K, used 7156K [0x00000000eb180000, 0x00000000f1a80000, 0x0000000100000000)
  eden space 62976K, 0% used [0x00000000eb180000,0x00000000eb180000,0x00000000eef00000)
  from space 7168K, 99% used [0x00000000eef00000,0x00000000ef5fd2d8,0x00000000ef600000)
  to   space 8704K, 0% used [0x00000000f1200000,0x00000000f1200000,0x00000000f1a80000)
 ParOldGen       total 32256K, used 8453K [0x00000000c1400000, 0x00000000c3380000, 0x00000000eb180000)
  object space 32256K, 26% used [0x00000000c1400000,0x00000000c1c417e8,0x00000000c3380000)
 Metaspace       used 34548K, capacity 35132K, committed 35416K, reserved 1079296K
  class space    used 4720K, capacity 4881K, committed 4952K, reserved 1048576K
Event: 3.562 GC heap after
Heap after GC invocations=9 (full 2):
 PSYoungGen      total 70144K, used 0K [0x00000000eb180000, 0x00000000f1a80000, 0x0000000100000000)
  eden space 62976K, 0% used [0x00000000eb180000,0x00000000eb180000,0x00000000eef00000)
  from space 7168K, 0% used [0x00000000eef00000,0x00000000eef00000,0x00000000ef600000)
  to   space 8704K, 0% used [0x00000000f1200000,0x00000000f1200000,0x00000000f1a80000)
 ParOldGen       total 46592K, used 12446K [0x00000000c1400000, 0x00000000c4180000, 0x00000000eb180000)
  object space 46592K, 26% used [0x00000000c1400000,0x00000000c20279a8,0x00000000c4180000)
 Metaspace       used 34548K, capacity 35132K, committed 35416K, reserved 1079296K
  class space    used 4720K, capacity 4881K, committed 4952K, reserved 1048576K
}

