# JRE version: Java(TM) SE Runtime Environment (8.0_77-b03) (build 1.8.0_77-b03)
# Java VM: Java HotSpot(TM) 64-Bit Server VM (25.77-b03 mixed mode windows-amd64 compressed oops)
Heap:
 PSYoungGen      total 29184K, used 13094K [0x00000000eb180000, 0x00000000eda00000, 0x0000000100000000)
  eden space 22528K, 37% used [0x00000000eb180000,0x00000000eb9b8038,0x00000000ec780000)
  from space 6656K, 70% used [0x00000000ec780000,0x00000000ecc11b60,0x00000000ece00000)
  to   space 6656K, 0% used [0x00000000ed380000,0x00000000ed380000,0x00000000eda00000)
 ParOldGen       total 35328K, used 5055K [0x00000000c1400000, 0x00000000c3680000, 0x00000000eb180000)
  object space 35328K, 14% used [0x00000000c1400000,0x00000000c18efe18,0x00000000c3680000)
 Metaspace       used 29772K, capacity 30028K, committed 30464K, reserved 1075200K
  class space    used 3653K, capacity 3726K, committed 3840K, reserved 1048576K
GC Heap History (10 events):
Event: 2.436 GC heap before
{Heap before GC invocations=6 (full 1):
 PSYoungGen      total 18944K, used 2542K [0x00000000eb180000, 0x00000000ecf80000, 0x0000000100000000)
  eden space 16384K, 0% used [0x00000000eb180000,0x00000000eb180000,0x00000000ec180000)
  from space 2560K, 99% used [0x00000000ec180000,0x00000000ec3fbbf0,0x00000000ec400000)
  to   space 7168K, 0% used [0x00000000ec880000,0x00000000ec880000,0x00000000ecf80000)
 ParOldGen       total 44032K, used 6657K [0x00000000c1400000, 0x00000000c3f00000, 0x00000000eb180000)
  object space 44032K, 15% used [0x00000000c1400000,0x00000000c1a80450,0x00000000c3f00000)
 Metaspace       used 20871K, capacity 21088K, committed 21296K, reserved 1069056K
  class space    used 2568K, capacity 2650K, committed 2688K, reserved 1048576K
Event: 2.465 GC heap after
Heap after GC invocations=6 (full 1):
 PSYoungGen      total 18944K, used 0K [0x00000000eb180000, 0x00000000ecf80000, 0x0000000100000000)
  eden space 16384K, 0% used [0x00000000eb180000,0x00000000eb180000,0x00000000ec180000)
  from space 2560K, 0% used [0x00000000ec180000,0x00000000ec180000,0x00000000ec400000)
  to   space 7168K, 0% used [0x00000000ec880000,0x00000000ec880000,0x00000000ecf80000)
 ParOldGen       total 35328K, used 5023K [0x00000000c1400000, 0x00000000c3680000, 0x00000000eb180000)
  object space 35328K, 14% used [0x00000000c1400000,0x00000000c18e7e18,0x00000000c3680000)
 Metaspace       used 20871K, capacity 21088K, committed 21296K, reserved 1069056K
  class space    used 2568K, capacity 2650K, committed 2688K, reserved 1048576K
}
Event: 3.218 GC heap before
{Heap before GC invocations=7 (full 1):
 PSYoungGen      total 18944K, used 16384K [0x00000000eb180000, 0x00000000ecf80000, 0x0000000100000000)
  eden space 16384K, 100% used [0x00000000eb180000,0x00000000ec180000,0x00000000ec180000)
  from space 2560K, 0% used [0x00000000ec180000,0x00000000ec180000,0x00000000ec400000)
  to   space 7168K, 0% used [0x00000000ec880000,0x00000000ec880000,0x00000000ecf80000)
 ParOldGen       total 35328K, used 5023K [0x00000000c1400000, 0x00000000c3680000, 0x00000000eb180000)
  object space 35328K, 14% used [0x00000000c1400000,0x00000000c18e7e18,0x00000000c3680000)
 Metaspace       used 23219K, capacity 23430K, committed 23680K, reserved 1071104K
  class space    used 2870K, capacity 2939K, committed 2944K, reserved 1048576K
Event: 3.223 GC heap after
Heap after GC invocations=7 (full 1):
 PSYoungGen      total 23552K, used 2220K [0x00000000eb180000, 0x00000000ed580000, 0x0000000100000000)
  eden space 16384K, 0% used [0x00000000eb180000,0x00000000eb180000,0x00000000ec180000)
  from space 7168K, 30% used [0x00000000ec880000,0x00000000ecaab160,0x00000000ecf80000)
  to   space 7168K, 0% used [0x00000000ec180000,0x00000000ec180000,0x00000000ec880000)
 ParOldGen       total 35328K, used 5031K [0x00000000c1400000, 0x00000000c3680000, 0x00000000eb180000)
  object space 35328K, 14% used [0x00000000c1400000,0x00000000c18e9e18,0x00000000c3680000)
 Metaspace       used 23219K, capacity 23430K, committed 23680K, reserved 1071104K
  class space    used 2870K, capacity 2939K, committed 2944K, reserved 1048576K
}
Event: 3.768 GC heap before
{Heap before GC invocations=8 (full 1):
 PSYoungGen      total 23552K, used 18604K [0x00000000eb180000, 0x00000000ed580000, 0x0000000100000000)
  eden space 16384K, 100% used [0x00000000eb180000,0x00000000ec180000,0x00000000ec180000)
  from space 7168K, 30% used [0x00000000ec880000,0x00000000ecaab160,0x00000000ecf80000)
  to   space 7168K, 0% used [0x00000000ec180000,0x00000000ec180000,0x00000000ec880000)
 ParOldGen       total 35328K, used 5031K [0x00000000c1400000, 0x00000000c3680000, 0x00000000eb180000)
  object space 35328K, 14% used [0x00000000c1400000,0x00000000c18e9e18,0x00000000c3680000)
 Metaspace       used 25880K, capacity 26174K, committed 26368K, reserved 1073152K
  class space    used 3207K, capacity 3299K, committed 3328K, reserved 1048576K
Event: 3.771 GC heap after
Heap after GC invocations=8 (full 1):
 PSYoungGen      total 23552K, used 3019K [0x00000000eb180000, 0x00000000ed480000, 0x0000000100000000)
  eden space 16384K, 0% used [0x00000000eb180000,0x00000000eb180000,0x00000000ec180000)
  from space 7168K, 42% used [0x00000000ec180000,0x00000000ec472e40,0x00000000ec880000)
  to   space 6656K, 0% used [0x00000000ece00000,0x00000000ece00000,0x00000000ed480000)
 ParOldGen       total 35328K, used 5039K [0x00000000c1400000, 0x00000000c3680000, 0x00000000eb180000)
  object space 35328K, 14% used [0x00000000c1400000,0x00000000c18ebe18,0x00000000c3680000)
 Metaspace       used 25880K, capacity 26174K, committed 26368K, reserved 1073152K
  class space    used 3207K, capacity 3299K, committed 3328K, reserved 1048576K
}
Event: 3.997 GC heap before
{Heap before GC invocations=9 (full 1):
 PSYoungGen      total 23552K, used 19403K [0x00000000eb180000, 0x00000000ed480000, 0x0000000100000000)
  eden space 16384K, 100% used [0x00000000eb180000,0x00000000ec180000,0x00000000ec180000)
  from space 7168K, 42% used [0x00000000ec180000,0x00000000ec472e40,0x00000000ec880000)
  to   space 6656K, 0% used [0x00000000ece00000,0x00000000ece00000,0x00000000ed480000)
 ParOldGen       total 35328K, used 5039K [0x00000000c1400000, 0x00000000c3680000, 0x00000000eb180000)
  object space 35328K, 14% used [0x00000000c1400000,0x00000000c18ebe18,0x00000000c3680000)
 Metaspace       used 26216K, capacity 26532K, committed 27008K, reserved 1073152K
  class space    used 3242K, capacity 3332K, committed 3456K, reserved 1048576K
Event: 4.000 GC heap after
Heap after GC invocations=9 (full 1):
 PSYoungGen      total 29184K, used 1778K [0x00000000eb180000, 0x00000000ed500000, 0x0000000100000000)
  eden space 22528K, 0% used [0x00000000eb180000,0x00000000eb180000,0x00000000ec780000)
  from space 6656K, 26% used [0x00000000ece00000,0x00000000ecfbc850,0x00000000ed480000)
  to   space 6656K, 0% used [0x00000000ec780000,0x00000000ec780000,0x00000000ece00000)
 ParOldGen       total 35328K, used 5047K [0x00000000c1400000, 0x00000000c3680000, 0x00000000eb180000)
  object space 35328K, 14% used [0x00000000c1400000,0x00000000c18ede18,0x00000000c3680000)
 Metaspace       used 26216K, capacity 26532K, committed 27008K, reserved 1073152K
  class space    used 3242K, capacity 3332K, committed 3456K, reserved 1048576K
}
Event: 4.719 GC heap before
{Heap before GC invocations=10 (full 1):
 PSYoungGen      total 29184K, used 24306K [0x00000000eb180000, 0x00000000ed500000, 0x0000000100000000)
  eden space 22528K, 100% used [0x00000000eb180000,0x00000000ec780000,0x00000000ec780000)
  from space 6656K, 26% used [0x00000000ece00000,0x00000000ecfbc850,0x00000000ed480000)
  to   space 6656K, 0% used [0x00000000ec780000,0x00000000ec780000,0x00000000ece00000)
 ParOldGen       total 35328K, used 5047K [0x00000000c1400000, 0x00000000c3680000, 0x00000000eb180000)
  object space 35328K, 14% used [0x00000000c1400000,0x00000000c18ede18,0x00000000c3680000)
 Metaspace       used 28532K, capacity 28800K, committed 29312K, reserved 1075200K
  class space    used 3509K, capacity 3596K, committed 3712K, reserved 1048576K
Event: 4.724 GC heap after
Heap after GC invocations=10 (full 1):
 PSYoungGen      total 29184K, used 4678K [0x00000000eb180000, 0x00000000eda00000, 0x0000000100000000)
  eden space 22528K, 0% used [0x00000000eb180000,0x00000000eb180000,0x00000000ec780000)
  from space 6656K, 70% used [0x00000000ec780000,0x00000000ecc11b60,0x00000000ece00000)
  to   space 6656K, 0% used [0x00000000ed380000,0x00000000ed380000,0x00000000eda00000)
 ParOldGen       total 35328K, used 5055K [0x00000000c1400000, 0x00000000c3680000, 0x00000000eb180000)
  object space 35328K, 14% used [0x00000000c1400000,0x00000000c18efe18,0x00000000c3680000)
 Metaspace       used 28532K, capacity 28800K, committed 29312K, reserved 1075200K
  class space    used 3509K, capacity 3596K, committed 3712K, reserved 1048576K
}

